<?xml version="1.0" encoding="utf-8"?><testsuites name="pytest tests"><testsuite name="pytest" errors="0" failures="2" skipped="0" tests="17" time="50.897" timestamp="2026-08-02T22:33:31.193795+00:00" hostname="agent-env-f225fb4c-2cc1-4f43-ba7e-5a577c15e376"><testcase classname="tests.backend_test.TestAuth" name="test_login_demo" time="0.643" /><testcase classname="tests.backend_test.TestAuth" name="test_login_invalid_password" time="0.333" /><testcase classname="tests.backend_test.TestAuth" name="test_me_requires_token" time="0.051" /><testcase classname="tests.backend_test.TestAuth" name="test_me_returns_user" time="0.323" /><testcase classname="tests.backend_test.TestAuth" name="test_register_new_and_me_persists" time="0.049"><failure message="AssertionError: {&quot;detail&quot;:[{&quot;type&quot;:&quot;value_error&quot;,&quot;loc&quot;:[&quot;body&quot;,&quot;email&quot;],&quot;msg&quot;:&quot;value is not a valid email address: The part after the @-sign is a special-use or reserved name that cannot be used with email.&quot;,&quot;input&quot;:&quot;test_f7871e50@visascout.test&quot;,&quot;ctx&quot;:{&quot;reason&quot;:&quot;The part after the @-sign is a special-use or reserved name that cannot be used with email.&quot;}}]}&#10;assert 422 == 200&#10; +  where 422 = &lt;Response [422]&gt;.status_code">tests/backend_test.py:84: in test_register_new_and_me_persists
    assert r.status_code == 200, r.text
E   AssertionError: {"detail":[{"type":"value_error","loc":["body","email"],"msg":"value is not a valid email address: The part after the @-sign is a special-use or reserved name that cannot be used with email.","input":"test_f7871e50@visascout.test","ctx":{"reason":"The part after the @-sign is a special-use or reserved name that cannot be used with email."}}]}
E   assert 422 == 200
E    +  where 422 = &lt;Response [422]&gt;.status_code</failure></testcase><testcase classname="tests.backend_test.TestAuth" name="test_register_duplicate" time="0.054" /><testcase classname="tests.backend_test.TestAuth" name="test_seen_disclaimer_and_preferences" time="0.055"><failure message="assert 422 == 200&#10; +  where 422 = &lt;Response [422]&gt;.status_code">tests/backend_test.py:105: in test_seen_disclaimer_and_preferences
    assert r.status_code == 200
E   assert 422 == 200
E    +  where 422 = &lt;Response [422]&gt;.status_code</failure></testcase><testcase classname="tests.backend_test.TestVisaLookup" name="test_lookup_invalid_purpose" time="0.063" /><testcase classname="tests.backend_test.TestSearchLifecycle" name="test_list_contains_new_search" time="49.418" /><testcase classname="tests.backend_test.TestSearchLifecycle" name="test_get_search_shape" time="0.049" /><testcase classname="tests.backend_test.TestSearchLifecycle" name="test_pdf_export" time="0.135" /><testcase classname="tests.backend_test.TestSearchLifecycle" name="test_notify_returns_503_when_key_missing" time="0.053" /><testcase classname="tests.backend_test.TestSearchLifecycle" name="test_rerun_sets_processing" time="0.101" /><testcase classname="tests.backend_test.TestSearchLifecycle" name="test_delete_search" time="0.154" /><testcase classname="tests.backend_test.TestVisaLookup" name="test_lookup_creates_processing_then_completes" time="48.732" /><testcase classname="tests.backend_test.TestHealth" name="test_root_ok" time="0.049" /><testcase classname="tests.backend_test.TestPurposes" name="test_purposes_list" time="0.047" /></testsuite></testsuites>